<?xml version="1.0" encoding="UTF-8"?>
<!-- Generated by org.testng.reporters.JUnitXMLReporter -->
<testsuite hostname="LAPTOP-A1ON5EUR" ignored="0" name="Test" tests="4" failures="0" timestamp="2021-09-27T10:51:28 IST" time="31.957" errors="0">
  <testcase name="@BeforeMethod openApplication" time="6.222" classname="tests.Ninja">
    <failure type="java.lang.NullPointerException">
      <![CDATA[java.lang.NullPointerException
at tests.Ninja.openApplication(Ninja.java:73)
at java.util.ArrayList.forEach(Unknown Source)
... Removed 31 stack frames]]>
    </failure>
  </testcase> <!-- @BeforeMethod openApplication -->
  <testcase name="@AfterMethod teardown" time="-1.63272006255E9" classname="tests.Ninja">
    <skipped/>
  </testcase> <!-- @AfterMethod teardown -->
  <testcase name="@BeforeMethod openApplication" time="-1.632720062558E9" classname="tests.Ninja">
    <skipped/>
  </testcase> <!-- @BeforeMethod openApplication -->
  <testcase name="@AfterMethod teardown" time="-1.632720062576E9" classname="tests.Ninja">
    <skipped/>
  </testcase> <!-- @AfterMethod teardown -->
  <testcase name="login" time="0.0" classname="tests.Ninja">
    <skipped/>
  </testcase> <!-- login -->
  <testcase name="login" time="0.0" classname="tests.Ninja">
    <skipped/>
  </testcase> <!-- login -->
  <testcase name="createaccount" time="6.055" classname="tests.RegisterAccount"/>
  <testcase name="createaccount" time="5.87" classname="tests.RegisterAccount"/>
</testsuite> <!-- Test -->
